# JRE version: OpenJDK Runtime Environment (21.0.6) (build 21.0.6+-13368085-b895.109)
# Java VM: OpenJDK 64-Bit Server VM (21.0.6+-13368085-b895.109, mixed mode, tiered, compressed oops, compressed class ptrs, g1 gc, windows-amd64)
GC Precious Log:
 CardTable entry size: 512
 Card Set container configuration: InlinePtr #cards 5 size 8 Array Of Cards #cards 12 size 40 Howl #buckets 4 coarsen threshold 1843 Howl Bitmap #cards 512 size 80 coarsen threshold 460 Card regions per heap region 1 cards per card region 2048
 CPUs: 16 total, 16 available
 Memory: 7519M
 Large Page Support: Disabled
 NUMA Support: Disabled
 Compressed Oops: Enabled (32-bit)
 Heap Region Size: 1M
 Heap Min Capacity: 8M
 Heap Initial Capacity: 118M
 Heap Max Capacity: 2G
 Pre-touch: Disabled
 Parallel Workers: 13
 Concurrent Workers: 3
 Concurrent Refinement Workers: 13
 Periodic GC: Disabled
Heap:
 garbage-first heap   total 259072K, used 243341K [0x0000000080000000, 0x0000000100000000)
  region size 1024K, 25 young (25600K), 4 survivors (4096K)
 Metaspace       used 129123K, committed 131456K, reserved 1179648K
  class space    used 17281K, committed 18496K, reserved 1048576K
GC Heap History (20 events):
Event: 268.006 GC heap after
{Heap after GC invocations=41 (full 0):
 garbage-first heap   total 196608K, used 113125K [0x0000000080000000, 0x0000000100000000)
  region size 1024K, 4 young (4096K), 4 survivors (4096K)
 Metaspace       used 115243K, committed 117440K, reserved 1179648K
  class space    used 15725K, committed 16832K, reserved 1048576K
}
Event: 269.656 GC heap before
{Heap before GC invocations=41 (full 0):
 garbage-first heap   total 196608K, used 179685K [0x0000000080000000, 0x0000000100000000)
  region size 1024K, 70 young (71680K), 4 survivors (4096K)
 Metaspace       used 116213K, committed 118400K, reserved 1179648K
  class space    used 15802K, committed 16896K, reserved 1048576K
}
Event: 269.667 GC heap after
{Heap after GC invocations=42 (full 0):
 garbage-first heap   total 200704K, used 125220K [0x0000000080000000, 0x0000000100000000)
  region size 1024K, 9 young (9216K), 9 survivors (9216K)
 Metaspace       used 116213K, committed 118400K, reserved 1179648K
  class space    used 15802K, committed 16896K, reserved 1048576K
}
Event: 269.707 GC heap before
{Heap before GC invocations=42 (full 0):
 garbage-first heap   total 200704K, used 127268K [0x0000000080000000, 0x0000000100000000)
  region size 1024K, 12 young (12288K), 9 survivors (9216K)
 Metaspace       used 116217K, committed 118400K, reserved 1179648K
  class space    used 15802K, committed 16896K, reserved 1048576K
}
Event: 269.714 GC heap after
{Heap after GC invocations=43 (full 0):
 garbage-first heap   total 200704K, used 128623K [0x0000000080000000, 0x0000000100000000)
  region size 1024K, 3 young (3072K), 3 survivors (3072K)
 Metaspace       used 116217K, committed 118400K, reserved 1179648K
  class space    used 15802K, committed 16896K, reserved 1048576K
}
Event: 269.977 GC heap before
{Heap before GC invocations=44 (full 0):
 garbage-first heap   total 227328K, used 166511K [0x0000000080000000, 0x0000000100000000)
  region size 1024K, 34 young (34816K), 3 survivors (3072K)
 Metaspace       used 117066K, committed 119296K, reserved 1179648K
  class space    used 15885K, committed 17024K, reserved 1048576K
}
Event: 269.983 GC heap after
{Heap after GC invocations=45 (full 0):
 garbage-first heap   total 227328K, used 134122K [0x0000000080000000, 0x0000000100000000)
  region size 1024K, 5 young (5120K), 5 survivors (5120K)
 Metaspace       used 117066K, committed 119296K, reserved 1179648K
  class space    used 15885K, committed 17024K, reserved 1048576K
}
Event: 270.428 GC heap before
{Heap before GC invocations=45 (full 0):
 garbage-first heap   total 227328K, used 178154K [0x0000000080000000, 0x0000000100000000)
  region size 1024K, 49 young (50176K), 5 survivors (5120K)
 Metaspace       used 120628K, committed 122816K, reserved 1179648K
  class space    used 16166K, committed 17280K, reserved 1048576K
}
Event: 270.436 GC heap after
{Heap after GC invocations=46 (full 0):
 garbage-first heap   total 227328K, used 134917K [0x0000000080000000, 0x0000000100000000)
  region size 1024K, 3 young (3072K), 3 survivors (3072K)
 Metaspace       used 120628K, committed 122816K, reserved 1179648K
  class space    used 16166K, committed 17280K, reserved 1048576K
}
Event: 271.802 GC heap before
{Heap before GC invocations=46 (full 0):
 garbage-first heap   total 227328K, used 182021K [0x0000000080000000, 0x0000000100000000)
  region size 1024K, 50 young (51200K), 3 survivors (3072K)
 Metaspace       used 121409K, committed 123712K, reserved 1179648K
  class space    used 16288K, committed 17408K, reserved 1048576K
}
Event: 271.810 GC heap after
{Heap after GC invocations=47 (full 0):
 garbage-first heap   total 227328K, used 135432K [0x0000000080000000, 0x0000000100000000)
  region size 1024K, 3 young (3072K), 3 survivors (3072K)
 Metaspace       used 121409K, committed 123712K, reserved 1179648K
  class space    used 16288K, committed 17408K, reserved 1048576K
}
Event: 273.650 GC heap before
{Heap before GC invocations=48 (full 0):
 garbage-first heap   total 227328K, used 182536K [0x0000000080000000, 0x0000000100000000)
  region size 1024K, 55 young (56320K), 3 survivors (3072K)
 Metaspace       used 123443K, committed 125696K, reserved 1179648K
  class space    used 16523K, committed 17664K, reserved 1048576K
}
Event: 273.656 GC heap after
{Heap after GC invocations=49 (full 0):
 garbage-first heap   total 227328K, used 134749K [0x0000000080000000, 0x0000000100000000)
  region size 1024K, 7 young (7168K), 7 survivors (7168K)
 Metaspace       used 123443K, committed 125696K, reserved 1179648K
  class space    used 16523K, committed 17664K, reserved 1048576K
}
Event: 274.466 GC heap before
{Heap before GC invocations=49 (full 0):
 garbage-first heap   total 227328K, used 191069K [0x0000000080000000, 0x0000000100000000)
  region size 1024K, 63 young (64512K), 7 survivors (7168K)
 Metaspace       used 123854K, committed 126144K, reserved 1179648K
  class space    used 16572K, committed 17728K, reserved 1048576K
}
Event: 274.491 GC heap after
{Heap after GC invocations=50 (full 0):
 garbage-first heap   total 227328K, used 123707K [0x0000000080000000, 0x0000000100000000)
  region size 1024K, 5 young (5120K), 5 survivors (5120K)
 Metaspace       used 123854K, committed 126144K, reserved 1179648K
  class space    used 16572K, committed 17728K, reserved 1048576K
}
Event: 274.794 GC heap before
{Heap before GC invocations=50 (full 0):
 garbage-first heap   total 227328K, used 135995K [0x0000000080000000, 0x0000000100000000)
  region size 1024K, 19 young (19456K), 5 survivors (5120K)
 Metaspace       used 124209K, committed 126464K, reserved 1179648K
  class space    used 16614K, committed 17728K, reserved 1048576K
}
Event: 274.800 GC heap after
{Heap after GC invocations=51 (full 0):
 garbage-first heap   total 227328K, used 124271K [0x0000000080000000, 0x0000000100000000)
  region size 1024K, 6 young (6144K), 6 survivors (6144K)
 Metaspace       used 124209K, committed 126464K, reserved 1179648K
  class space    used 16614K, committed 17728K, reserved 1048576K
}
Event: 276.429 GC heap before
{Heap before GC invocations=52 (full 0):
 garbage-first heap   total 239616K, used 218479K [0x0000000080000000, 0x0000000100000000)
  region size 1024K, 70 young (71680K), 6 survivors (6144K)
 Metaspace       used 128334K, committed 130688K, reserved 1179648K
  class space    used 17165K, committed 18368K, reserved 1048576K
}
Event: 276.436 GC heap after
{Heap after GC invocations=53 (full 0):
 garbage-first heap   total 239616K, used 161421K [0x0000000080000000, 0x0000000100000000)
  region size 1024K, 9 young (9216K), 9 survivors (9216K)
 Metaspace       used 128334K, committed 130688K, reserved 1179648K
  class space    used 17165K, committed 18368K, reserved 1048576K
}
Event: 276.853 GC heap before
{Heap before GC invocations=53 (full 0):
 garbage-first heap   total 243712K, used 242317K [0x0000000080000000, 0x0000000100000000)
  region size 1024K, 30 young (30720K), 9 survivors (9216K)
 Metaspace       used 129123K, committed 131456K, reserved 1179648K
  class space    used 17281K, committed 18496K, reserved 1048576K
}

